 1001  grep "type=retweet" downloaded_tweets_extend_nolf2_nobot.tsv > temp0.tsv
 1002  wc -l temp0.tsv
 1003  iconv -f utf-8 -t ascii//TRANSLIT temp0.tsv > temp1_a.tsv
 1004  wc -l temp1_a.tsv
 1005  cat temp1_a.tsv | tr '[A-Z]' '[a-z]' > temp1_b.txt
 1006  cat temp1_a.tsv | tr '[A-Z]' '[a-z]' > temp1_b.tsv
 1007  cat temp1_b.tsv | sed '/^$/d' > temp.tsv
 1008  wc -l temp.tsv
 1009  awk -F'\t' '{print $5}' temp.tsv > temp2.tsv
 1010  awk -F ' ' '{print $2}' temp2.tsv > temp3.txt
 1011  sed 's/id=//' temp3.txt > temp4.txt
 1012  sort temp4.txt > retweetID.txt
 1013  wc -l retweetID.txt 
 1014  fgrep -f retweetID.txt downloaded_tweets_extend_original_nolf2_nobot.tsv > g1.tsv
 1015  wc -l g1.tsv
 1016  cut -f 2 g1.tsv | sort | uniq -c | sort -nr > top_ten_users_retweeted.txt
 1017  head top_ten_users.txt
 1018  head top_ten_users_retweeted.txt 
 1019  history > cmds.log

  830  tmux attach -t homework
  831  awk -F'\t' '{print $2}' temp.tsv > userID_retweet.txt
  832  cut -f 2 g1.tsv > userID_original_tweet.txt
  833  paste userID_original_tweet.txt userID_retweet.txt > a4_1.tsv
  834  awk '{print $1}' a4_1.tsv | sort | uniq -c | sort -nr | awk '{if($1 >= 3) {print}}' > a4_2_temp.txt
  835  awk '{print $2}' a4_2_temp.txt > searchfile.txt
  836  fgrep -f searchfile.txt a4_1.tsv > a4_2.tsv
  837  head a4_1.tsv
  838  head a4_2.tsv
  839  awk '{print $1}' a4_2_temp.txt > a4_3.txt
  840  head a4_3.txt
  841  tail a4_3.txt
  842  vi userID_original_tweet.txt 
  843  vi a4_1.tsv
  844  awk '{print $1}' a4_1.tsv | sort | uniq -c | sort -nr | awk '{if($1 >= 3){print}}' > a4_2_temp.txt
  845  awk '{print $2}' a4_2_temp.txt > searchfile.txt
  846  fgrep -f searchfile.txt ans_1.tsv > a4_2.tsv
  847  fgrep -f searchfile.txt a4_1.tsv > a4_2.tsv
  848  head a4_2.tsv
  849  awk '{print $1}' a4_2_temp.txt > a4_3.txt
  850   sort -n retweetID.txt | uniq -c | sort -nr > a4_4a.txt
  851  sed '1,30w a4_4b.txt' a4_4a.txt > oo
  852  awk -F " " '{print $2}' a4_4b.txt > searchfile_4b.txt
  853  fgrep -f searchfile_4b.txt downloaded_tweets_extend_original_nolf2_nobot.tsv > a4_4c.tsv
  854  iconv -f utf-8 -t ascii//TRANSLIT a4_4.txt > temp1_a.tsv
  855  cat temp1_a.tsv | tr '[A-Z]' '[a-z]' > temp1_b.tsv
  856  cat temp1_b.tsv | sed '/^$/d' | sed 's/"//g' > a4_hashtags.txt
  857  head a4_hashtags.txt
  858  history > cmds.log

  955  sort -n retweetID.txt | uniq -c | sort -nr > a4_4a.txt
  956  sed '1,30w a4_4b.txt' a4_4a.txt > oo
  957  awk -F " " '{print $2}' oo > searchfile_4b.txt
  958  l
  959  fgrep -f searchfile_4b.txt downloaded_tweets_extend_original_nolf2_nobot.tsv > a4_4c.tsv
  960  cut -f 4 a4_4c.tsv > a4_4.txt
  961  view a4_4.txt
  962  more oo
  963  wc -l oo
  964  wc -l a4_4b.txt
  965  awk -F " " '{print $2}' a4_4b.txt > searchfile_4b.txt
  966  wc -l
  967  wc -l searchfile_4b.txt 
  968  fgrep -f searchfile_4b.txt downloaded_tweets_extend_original_nolf2_nobot.tsv 
  969  fgrep -f searchfile_4b.txt downloaded_tweets_extend_original_nolf2_nobot.tsv > a4_4c.tsv
  970  cut -f 4 a4_4c.tsv > a4_4.txt
  971  wc -l a4_4.txt
  972  history
  973  head a4_4.txt
  974  vi a4_4.txt
  975  iconv -f utf-8 -t ascii//TRANSLIT a4_4.txt > temp1_a.tsv
  976  cat temp1_a.tsv | tr '[A-Z]' '[a-z]' > temp1_b.tsv
  977  cat temp1_b.tsv | sed '/^$/d' > a4_hashtags.txt
  978  head a4_hashtags.txt
  979  cat temp1_b.tsv | sed '/^$/d' | sed 's/"//g' > a4_hashtags.txt
  980  head a4_hashtags.txt
  981  history
  982  cat a4_hashtags.txt | tr ',' '\n' > a4_hashtags.txt
  983  head a4_hashtags.txt 
  984  cat temp1_b.tsv | sed '/^$/d' | sed 's/"//g' > a4_hashtags.txt
  985  cat a4_hashtags.txt | tr ',' '\n' > a4_h_2.txt
  986  head a4_h_2.txt 
  987  history
  988  :q
  989  vi a4_4.txt
  990  vi temp.tsv
  991  vi a4_4c.tsv
  992  head a4_h_2.txt 
  993  head a4_hashtags.txt 
  994  vi a4_4.txt
  995  vi a4_4c.tsv
  996  vi downloaded_tweets_extend_original_nolf2_nobot.tsv 
  997  head a4_hashtags.txt 
  998  more a4_hashtags.txt 
  999  vi downloaded_tweets_extend_original_nolf2_nobot.tsv 
 1000  logout
 1001  cp ~/A3/temp/a3_2_temp.txt .
 1002  head a3_2_temp.txt
 1003  cp ~/A3/a3_2.tsv ./a3_2_graph.tsv
 1004  grep  21525682 a3_2_graph.tsv > a4_5_2.tsv
 1005  more a4_5_2.tsv
 1006  history > cmds_4.log
 1001  grep -P "2749315621\t" downloaded_tweets_extend_original_nolf2_nobot.tsv > a4_5_b.tsv
 1002  grep -P 2749315621 downloaded_tweets_extend_original_nolf2_nobot.tsv > a4_5_b.tsv
 1003  cut -f 4 a4_5_b.tsv > a4_5_b.txt
 1004  sort a4_5_b.txt | uniq -c | sort -r > oo
 1005  vi oo
 1006  history > cmds.log
